Using pre-set license
Built from '2020.3/staging' branch; Version is '2020.3.29f1 (2ff179115da0) revision 3142009'; Using compiler version '192528614'; Build Type 'Release'
OS: 'Windows 10  (10.0.18363) 64bit Professional' Language: 'en' Physical Memory: 7132 MB
BatchMode: 1, IsHumanControllingUs: 0, StartBugReporterOnCrash: 0, Is64bit: 1, IsPro: 0

COMMAND LINE ARGUMENTS:
D:\Unity\2020.3.29f1\Editor\Unity.exe
-adb2
-batchMode
-noUpm
-name
AssetImportWorker0
-projectPath
E:/project/udemy/dutorial/udemy/Space-Defender/Space Dfd/Space-Defend
-logFile
Logs/AssetImportWorker0.log
-srvPort
2212
Successfully changed project path to: E:/project/udemy/dutorial/udemy/Space-Defender/Space Dfd/Space-Defend
E:/project/udemy/dutorial/udemy/Space-Defender/Space Dfd/Space-Defend
Using Asset Import Pipeline V2.
Refreshing native plugins compatible for Editor in 261.22 ms, found 3 plugins.
Preloading 0 native plugins for Editor in 0.00 ms.
Initialize engine version: 2020.3.29f1 (2ff179115da0)
[Subsystems] Discovering subsystems at path D:/Unity/2020.3.29f1/Editor/Data/Resources/UnitySubsystems
[Subsystems] Discovering subsystems at path E:/project/udemy/dutorial/udemy/Space-Defender/Space Dfd/Space-Defend/Assets
GfxDevice: creating device client; threaded=0
Direct3D:
    Version:  Direct3D 11.0 [level 11.1]
    Renderer: AMD Radeon(TM) R5 Graphics (ID=0x9851)
    Vendor:   
    VRAM:     3566 MB
    Driver:   27.20.1034.6
Initialize mono
Mono path[0] = 'D:/Unity/2020.3.29f1/Editor/Data/Managed'
Mono path[1] = 'D:/Unity/2020.3.29f1/Editor/Data/MonoBleedingEdge/lib/mono/unityjit'
Mono config path = 'D:/Unity/2020.3.29f1/Editor/Data/MonoBleedingEdge/etc'
Using monoOptions --debugger-agent=transport=dt_socket,embedding=1,server=y,suspend=n,address=127.0.0.1:56144
Begin MonoManager ReloadAssembly
Registering precompiled unity dll's ...
Register platform support module: D:/Unity/2020.3.29f1/Editor/Data/PlaybackEngines/WindowsStandaloneSupport/UnityEditor.WindowsStandalone.Extensions.dll
Registered in 0.004177 seconds.
Native extension for WindowsStandalone target not found
Refreshing native plugins compatible for Editor in 295.37 ms, found 3 plugins.
Preloading 0 native plugins for Editor in 0.00 ms.
Mono: successfully reloaded assembly
- Completed reload, in  2.699 seconds
Domain Reload Profiling:
	ReloadAssembly (2700ms)
		BeginReloadAssembly (232ms)
			ExecutionOrderSort (0ms)
			DisableScriptedObjects (0ms)
			BackupInstance (0ms)
			ReleaseScriptingObjects (0ms)
			CreateAndSetChildDomain (3ms)
		EndReloadAssembly (2161ms)
			LoadAssemblies (227ms)
			RebuildTransferFunctionScriptingTraits (0ms)
			SetupTypeCache (713ms)
			ReleaseScriptCaches (0ms)
			RebuildScriptCaches (154ms)
			SetupLoadedEditorAssemblies (865ms)
				LogAssemblyErrors (0ms)
				InitializePlatformSupportModulesInManaged (17ms)
				SetLoadedEditorAssemblies (1ms)
				RefreshPlugins (296ms)
				BeforeProcessingInitializeOnLoad (69ms)
				ProcessInitializeOnLoadAttributes (352ms)
				ProcessInitializeOnLoadMethodAttributes (129ms)
				AfterProcessingInitializeOnLoad (0ms)
				EditorAssembliesLoaded (1ms)
			ExecutionOrderSort2 (0ms)
			AwakeInstancesAfterBackupRestoration (0ms)
Platform modules already initialized, skipping
Registering precompiled user dll's ...
Registered in 0.010658 seconds.
Begin MonoManager ReloadAssembly
Native extension for WindowsStandalone target not found
Refreshing native plugins compatible for Editor in 355.29 ms, found 3 plugins.
Preloading 0 native plugins for Editor in 0.00 ms.
Mono: successfully reloaded assembly
- Completed reload, in  6.622 seconds
Domain Reload Profiling:
	ReloadAssembly (6625ms)
		BeginReloadAssembly (674ms)
			ExecutionOrderSort (0ms)
			DisableScriptedObjects (23ms)
			BackupInstance (0ms)
			ReleaseScriptingObjects (0ms)
			CreateAndSetChildDomain (71ms)
		EndReloadAssembly (5672ms)
			LoadAssemblies (423ms)
			RebuildTransferFunctionScriptingTraits (0ms)
			SetupTypeCache (2088ms)
			ReleaseScriptCaches (1ms)
			RebuildScriptCaches (288ms)
			SetupLoadedEditorAssemblies (2185ms)
				LogAssemblyErrors (0ms)
				InitializePlatformSupportModulesInManaged (24ms)
				SetLoadedEditorAssemblies (1ms)
				RefreshPlugins (356ms)
				BeforeProcessingInitializeOnLoad (409ms)
				ProcessInitializeOnLoadAttributes (1301ms)
				ProcessInitializeOnLoadMethodAttributes (84ms)
				AfterProcessingInitializeOnLoad (10ms)
				EditorAssembliesLoaded (1ms)
			ExecutionOrderSort2 (0ms)
			AwakeInstancesAfterBackupRestoration (31ms)
Platform modules already initialized, skipping
========================================================================
Worker process is ready to serve import requests
Launched and connected shader compiler UnityShaderCompiler.exe after 0.24 seconds
Refreshing native plugins compatible for Editor in 2.00 ms, found 3 plugins.
Preloading 0 native plugins for Editor in 0.00 ms.
Unloading 2542 Unused Serialized files (Serialized files now loaded: 0)
System memory in use before: 109.3 MB.
System memory in use after: 109.3 MB.

Unloading 34 unused Assets to reduce memory usage. Loaded Objects now: 2974.
Total: 15.130400 ms (FindLiveObjects: 0.863200 ms CreateObjectMapping: 0.275800 ms MarkObjects: 13.493300 ms  DeleteObjects: 0.494200 ms)

AssetImportParameters requested are different than current active one (requested -> active):
  custom:framework-win-MediaFoundation: 216162199b28c13a410421893ffa2e32 -> 
  custom:video-decoder-ogg-theora: a1e56fd34408186e4bbccfd4996cb3dc -> 
  custom:container-muxer-webm: aa71ff27fc2769a1b78a27578f13a17b -> 
  custom:container-demuxer-webm: 4f35f7cbe854078d1ac9338744f61a02 -> 
  custom:container-demuxer-ogg: 62fdf1f143b41e24485cea50d1cbac27 -> 
  custom:video-encoder-webm-vp8: eb34c28f22e8b96e1ab97ce403110664 -> 
  custom:video-decoder-webm-vp8: 9c59270c3fd7afecdb556c50c9e8de78 -> 
  custom:audio-decoder-ogg-vorbis: bf7c407c2cedff20999df2af8eb42d56 -> 
  custom:audio-encoder-webm-vorbis: bf7c407c2cedff20999df2af8eb42d56 -> 
========================================================================
Received Import Request.
  path: Assets/Prefabs/Enemy.prefab
  artifactKey: Guid(777466cb71dbbab44ba9264133167744) Importer(815301076,1909f56bfc062723c751e8b465ee728b)
Start importing Assets/Prefabs/Enemy.prefab using Guid(777466cb71dbbab44ba9264133167744) Importer(815301076,1909f56bfc062723c751e8b465ee728b)  -> (artifact id: '6c9f62b5f925619362db465757e4a64f') in 0.518721 seconds 
  Import took 0.533666 seconds .

========================================================================
Received Import Request.
  Time since last request: 16.382088 seconds.
  path: Assets/Script/Shooter.cs
  artifactKey: Guid(6b32469acfa22af4c9a0662931a6a3f4) Importer(815301076,1909f56bfc062723c751e8b465ee728b)
Start importing Assets/Script/Shooter.cs using Guid(6b32469acfa22af4c9a0662931a6a3f4) Importer(815301076,1909f56bfc062723c751e8b465ee728b)  -> (artifact id: 'af7b9af239f4cf4ab0cfb1829f7f00f1') in 0.071727 seconds 
  Import took 0.087557 seconds .

========================================================================
Received Import Request.
  Time since last request: 309.146224 seconds.
  path: Assets/Script/Shooter.cs
  artifactKey: Guid(6b32469acfa22af4c9a0662931a6a3f4) Importer(815301076,1909f56bfc062723c751e8b465ee728b)
Start importing Assets/Script/Shooter.cs using Guid(6b32469acfa22af4c9a0662931a6a3f4) Importer(815301076,1909f56bfc062723c751e8b465ee728b)  -> (artifact id: 'd6f6b7f852d93b662af6806186ed475d') in 0.050429 seconds 
  Import took 0.064108 seconds .

========================================================================
Received Prepare
Registering precompiled user dll's ...
Registered in 0.009847 seconds.
Begin MonoManager ReloadAssembly
Native extension for WindowsStandalone target not found
Refreshing native plugins compatible for Editor in 1.96 ms, found 3 plugins.
Preloading 0 native plugins for Editor in 0.00 ms.
Mono: successfully reloaded assembly
- Completed reload, in  4.795 seconds
Domain Reload Profiling:
	ReloadAssembly (4796ms)
		BeginReloadAssembly (475ms)
			ExecutionOrderSort (0ms)
			DisableScriptedObjects (29ms)
			BackupInstance (0ms)
			ReleaseScriptingObjects (0ms)
			CreateAndSetChildDomain (146ms)
		EndReloadAssembly (4032ms)
			LoadAssemblies (427ms)
			RebuildTransferFunctionScriptingTraits (0ms)
			SetupTypeCache (1505ms)
			ReleaseScriptCaches (3ms)
			RebuildScriptCaches (205ms)
			SetupLoadedEditorAssemblies (1430ms)
				LogAssemblyErrors (0ms)
				InitializePlatformSupportModulesInManaged (13ms)
				SetLoadedEditorAssemblies (2ms)
				RefreshPlugins (2ms)
				BeforeProcessingInitializeOnLoad (335ms)
				ProcessInitializeOnLoadAttributes (1021ms)
				ProcessInitializeOnLoadMethodAttributes (46ms)
				AfterProcessingInitializeOnLoad (10ms)
				EditorAssembliesLoaded (1ms)
			ExecutionOrderSort2 (0ms)
			AwakeInstancesAfterBackupRestoration (40ms)
Platform modules already initialized, skipping
Refreshing native plugins compatible for Editor in 2.01 ms, found 3 plugins.
Preloading 0 native plugins for Editor in 0.00 ms.
Unloading 2536 Unused Serialized files (Serialized files now loaded: 0)
System memory in use before: 112.4 MB.
System memory in use after: 112.5 MB.

Unloading 21 unused Assets to reduce memory usage. Loaded Objects now: 2983.
Total: 18.225500 ms (FindLiveObjects: 2.199800 ms CreateObjectMapping: 0.551800 ms MarkObjects: 15.075400 ms  DeleteObjects: 0.393600 ms)

AssetImportParameters requested are different than current active one (requested -> active):
  custom:framework-win-MediaFoundation: 216162199b28c13a410421893ffa2e32 -> 
  custom:video-decoder-ogg-theora: a1e56fd34408186e4bbccfd4996cb3dc -> 
  custom:container-muxer-webm: aa71ff27fc2769a1b78a27578f13a17b -> 
  custom:container-demuxer-webm: 4f35f7cbe854078d1ac9338744f61a02 -> 
  custom:container-demuxer-ogg: 62fdf1f143b41e24485cea50d1cbac27 -> 
  custom:video-encoder-webm-vp8: eb34c28f22e8b96e1ab97ce403110664 -> 
  custom:video-decoder-webm-vp8: 9c59270c3fd7afecdb556c50c9e8de78 -> 
  custom:audio-decoder-ogg-vorbis: bf7c407c2cedff20999df2af8eb42d56 -> 
  custom:audio-encoder-webm-vorbis: bf7c407c2cedff20999df2af8eb42d56 -> 
========================================================================
Received Import Request.
  Time since last request: 30.249230 seconds.
  path: Assets/Prefabs/Player.prefab
  artifactKey: Guid(6db11ebc659bfe4458f4c6c2c58a6876) Importer(815301076,1909f56bfc062723c751e8b465ee728b)
Start importing Assets/Prefabs/Player.prefab using Guid(6db11ebc659bfe4458f4c6c2c58a6876) Importer(815301076,1909f56bfc062723c751e8b465ee728b)  -> (artifact id: 'a7b94eb91e02ab6f138e8692e9a2221a') in 0.314279 seconds 
  Import took 0.329566 seconds .

========================================================================
Received Import Request.
  Time since last request: 0.000608 seconds.
  path: Assets/Prefabs/Enemy.prefab
  artifactKey: Guid(777466cb71dbbab44ba9264133167744) Importer(815301076,1909f56bfc062723c751e8b465ee728b)
Start importing Assets/Prefabs/Enemy.prefab using Guid(777466cb71dbbab44ba9264133167744) Importer(815301076,1909f56bfc062723c751e8b465ee728b)  -> (artifact id: '9d90ceb0f6ee4f787cc2c136895612c7') in 0.081860 seconds 
  Import took 0.095136 seconds .

========================================================================
Received Import Request.
  Time since last request: 28.409987 seconds.
  path: Assets/Prefabs/Enemy.prefab
  artifactKey: Guid(777466cb71dbbab44ba9264133167744) Importer(815301076,1909f56bfc062723c751e8b465ee728b)
Start importing Assets/Prefabs/Enemy.prefab using Guid(777466cb71dbbab44ba9264133167744) Importer(815301076,1909f56bfc062723c751e8b465ee728b)  -> (artifact id: '58526fbf4c39a2318b03552842ea655d') in 0.092483 seconds 
  Import took 0.110556 seconds .

========================================================================
Received Prepare
Registering precompiled user dll's ...
Registered in 0.010451 seconds.
Begin MonoManager ReloadAssembly
Native extension for WindowsStandalone target not found
Refreshing native plugins compatible for Editor in 1.95 ms, found 3 plugins.
Preloading 0 native plugins for Editor in 0.00 ms.
Mono: successfully reloaded assembly
- Completed reload, in  4.566 seconds
Domain Reload Profiling:
	ReloadAssembly (4568ms)
		BeginReloadAssembly (439ms)
			ExecutionOrderSort (0ms)
			DisableScriptedObjects (24ms)
			BackupInstance (0ms)
			ReleaseScriptingObjects (0ms)
			CreateAndSetChildDomain (136ms)
		EndReloadAssembly (3841ms)
			LoadAssemblies (401ms)
			RebuildTransferFunctionScriptingTraits (0ms)
			SetupTypeCache (1415ms)
			ReleaseScriptCaches (3ms)
			RebuildScriptCaches (193ms)
			SetupLoadedEditorAssemblies (1390ms)
				LogAssemblyErrors (0ms)
				InitializePlatformSupportModulesInManaged (13ms)
				SetLoadedEditorAssemblies (2ms)
				RefreshPlugins (2ms)
				BeforeProcessingInitializeOnLoad (348ms)
				ProcessInitializeOnLoadAttributes (968ms)
				ProcessInitializeOnLoadMethodAttributes (43ms)
				AfterProcessingInitializeOnLoad (12ms)
				EditorAssembliesLoaded (1ms)
			ExecutionOrderSort2 (0ms)
			AwakeInstancesAfterBackupRestoration (39ms)
Platform modules already initialized, skipping
Refreshing native plugins compatible for Editor in 1.95 ms, found 3 plugins.
Preloading 0 native plugins for Editor in 0.00 ms.
Unloading 2536 Unused Serialized files (Serialized files now loaded: 0)
System memory in use before: 112.5 MB.
System memory in use after: 112.6 MB.

Unloading 21 unused Assets to reduce memory usage. Loaded Objects now: 2986.
Total: 12.911400 ms (FindLiveObjects: 0.858400 ms CreateObjectMapping: 0.279700 ms MarkObjects: 11.365000 ms  DeleteObjects: 0.403800 ms)

AssetImportParameters requested are different than current active one (requested -> active):
  custom:framework-win-MediaFoundation: 216162199b28c13a410421893ffa2e32 -> 
  custom:video-decoder-ogg-theora: a1e56fd34408186e4bbccfd4996cb3dc -> 
  custom:container-muxer-webm: aa71ff27fc2769a1b78a27578f13a17b -> 
  custom:container-demuxer-webm: 4f35f7cbe854078d1ac9338744f61a02 -> 
  custom:container-demuxer-ogg: 62fdf1f143b41e24485cea50d1cbac27 -> 
  custom:video-encoder-webm-vp8: eb34c28f22e8b96e1ab97ce403110664 -> 
  custom:video-decoder-webm-vp8: 9c59270c3fd7afecdb556c50c9e8de78 -> 
  custom:audio-decoder-ogg-vorbis: bf7c407c2cedff20999df2af8eb42d56 -> 
  custom:audio-encoder-webm-vorbis: bf7c407c2cedff20999df2af8eb42d56 -> 
========================================================================
Received Import Request.
  Time since last request: 68.407869 seconds.
  path: Assets/Prefabs/Projectile Enemy.prefab
  artifactKey: Guid(60ad571ae8ae3544296772b4ed8726ef) Importer(815301076,1909f56bfc062723c751e8b465ee728b)
Start importing Assets/Prefabs/Projectile Enemy.prefab using Guid(60ad571ae8ae3544296772b4ed8726ef) Importer(815301076,1909f56bfc062723c751e8b465ee728b)  -> (artifact id: '40554ff64557f95cedb897e4e678bdd1') in 0.268395 seconds 
  Import took 0.282107 seconds .

========================================================================
Received Prepare
Registering precompiled user dll's ...
Registered in 0.009900 seconds.
Begin MonoManager ReloadAssembly
Native extension for WindowsStandalone target not found
Refreshing native plugins compatible for Editor in 1.98 ms, found 3 plugins.
Preloading 0 native plugins for Editor in 0.00 ms.
Mono: successfully reloaded assembly
- Completed reload, in  4.798 seconds
Domain Reload Profiling:
	ReloadAssembly (4799ms)
		BeginReloadAssembly (413ms)
			ExecutionOrderSort (0ms)
			DisableScriptedObjects (24ms)
			BackupInstance (0ms)
			ReleaseScriptingObjects (0ms)
			CreateAndSetChildDomain (145ms)
		EndReloadAssembly (4097ms)
			LoadAssemblies (370ms)
			RebuildTransferFunctionScriptingTraits (0ms)
			SetupTypeCache (1538ms)
			ReleaseScriptCaches (3ms)
			RebuildScriptCaches (239ms)
			SetupLoadedEditorAssemblies (1423ms)
				LogAssemblyErrors (0ms)
				InitializePlatformSupportModulesInManaged (14ms)
				SetLoadedEditorAssemblies (2ms)
				RefreshPlugins (2ms)
				BeforeProcessingInitializeOnLoad (329ms)
				ProcessInitializeOnLoadAttributes (1021ms)
				ProcessInitializeOnLoadMethodAttributes (44ms)
				AfterProcessingInitializeOnLoad (10ms)
				EditorAssembliesLoaded (1ms)
			ExecutionOrderSort2 (0ms)
			AwakeInstancesAfterBackupRestoration (37ms)
Platform modules already initialized, skipping
Refreshing native plugins compatible for Editor in 2.04 ms, found 3 plugins.
Preloading 0 native plugins for Editor in 0.00 ms.
Unloading 2536 Unused Serialized files (Serialized files now loaded: 0)
System memory in use before: 112.5 MB.
System memory in use after: 112.6 MB.

Unloading 21 unused Assets to reduce memory usage. Loaded Objects now: 2989.
Total: 12.976200 ms (FindLiveObjects: 0.878000 ms CreateObjectMapping: 0.279600 ms MarkObjects: 11.403000 ms  DeleteObjects: 0.409800 ms)

AssetImportParameters requested are different than current active one (requested -> active):
  custom:framework-win-MediaFoundation: 216162199b28c13a410421893ffa2e32 -> 
  custom:video-decoder-ogg-theora: a1e56fd34408186e4bbccfd4996cb3dc -> 
  custom:container-muxer-webm: aa71ff27fc2769a1b78a27578f13a17b -> 
  custom:container-demuxer-webm: 4f35f7cbe854078d1ac9338744f61a02 -> 
  custom:container-demuxer-ogg: 62fdf1f143b41e24485cea50d1cbac27 -> 
  custom:video-encoder-webm-vp8: eb34c28f22e8b96e1ab97ce403110664 -> 
  custom:video-decoder-webm-vp8: 9c59270c3fd7afecdb556c50c9e8de78 -> 
  custom:audio-decoder-ogg-vorbis: bf7c407c2cedff20999df2af8eb42d56 -> 
  custom:audio-encoder-webm-vorbis: bf7c407c2cedff20999df2af8eb42d56 -> 
========================================================================
Received Import Request.
  Time since last request: 30.353623 seconds.
  path: Assets/Prefabs/Projectile Enemy.prefab
  artifactKey: Guid(60ad571ae8ae3544296772b4ed8726ef) Importer(815301076,1909f56bfc062723c751e8b465ee728b)
Start importing Assets/Prefabs/Projectile Enemy.prefab using Guid(60ad571ae8ae3544296772b4ed8726ef) Importer(815301076,1909f56bfc062723c751e8b465ee728b)  -> (artifact id: 'c3258cc4cbc260cba7d4164e9ef22de7') in 0.251233 seconds 
  Import took 0.276262 seconds .

========================================================================
Received Import Request.
  Time since last request: 2.587466 seconds.
  path: Assets/Prefabs/Projectile Enemy.prefab
  artifactKey: Guid(60ad571ae8ae3544296772b4ed8726ef) Importer(815301076,1909f56bfc062723c751e8b465ee728b)
Start importing Assets/Prefabs/Projectile Enemy.prefab using Guid(60ad571ae8ae3544296772b4ed8726ef) Importer(815301076,1909f56bfc062723c751e8b465ee728b)  -> (artifact id: '6302ef3e02f89ff6b0ba415ce998e349') in 0.038461 seconds 
  Import took 0.052799 seconds .

========================================================================
Received Prepare
Registering precompiled user dll's ...
Registered in 0.010220 seconds.
Begin MonoManager ReloadAssembly
Native extension for WindowsStandalone target not found
Refreshing native plugins compatible for Editor in 3.53 ms, found 3 plugins.
Preloading 0 native plugins for Editor in 0.00 ms.
Mono: successfully reloaded assembly
- Completed reload, in  5.269 seconds
Domain Reload Profiling:
	ReloadAssembly (5270ms)
		BeginReloadAssembly (452ms)
			ExecutionOrderSort (0ms)
			DisableScriptedObjects (26ms)
			BackupInstance (0ms)
			ReleaseScriptingObjects (0ms)
			CreateAndSetChildDomain (143ms)
		EndReloadAssembly (4549ms)
			LoadAssemblies (403ms)
			RebuildTransferFunctionScriptingTraits (0ms)
			SetupTypeCache (1584ms)
			ReleaseScriptCaches (4ms)
			RebuildScriptCaches (233ms)
			SetupLoadedEditorAssemblies (1723ms)
				LogAssemblyErrors (0ms)
				InitializePlatformSupportModulesInManaged (17ms)
				SetLoadedEditorAssemblies (2ms)
				RefreshPlugins (4ms)
				BeforeProcessingInitializeOnLoad (405ms)
				ProcessInitializeOnLoadAttributes (1227ms)
				ProcessInitializeOnLoadMethodAttributes (55ms)
				AfterProcessingInitializeOnLoad (11ms)
				EditorAssembliesLoaded (1ms)
			ExecutionOrderSort2 (0ms)
			AwakeInstancesAfterBackupRestoration (49ms)
Platform modules already initialized, skipping
Refreshing native plugins compatible for Editor in 2.17 ms, found 3 plugins.
Preloading 0 native plugins for Editor in 0.00 ms.
Unloading 2536 Unused Serialized files (Serialized files now loaded: 0)
System memory in use before: 112.6 MB.
System memory in use after: 112.6 MB.

Unloading 21 unused Assets to reduce memory usage. Loaded Objects now: 2992.
Total: 15.970600 ms (FindLiveObjects: 1.005400 ms CreateObjectMapping: 0.382600 ms MarkObjects: 13.855900 ms  DeleteObjects: 0.722100 ms)

AssetImportParameters requested are different than current active one (requested -> active):
  custom:framework-win-MediaFoundation: 216162199b28c13a410421893ffa2e32 -> 
  custom:video-decoder-ogg-theora: a1e56fd34408186e4bbccfd4996cb3dc -> 
  custom:container-muxer-webm: aa71ff27fc2769a1b78a27578f13a17b -> 
  custom:container-demuxer-webm: 4f35f7cbe854078d1ac9338744f61a02 -> 
  custom:container-demuxer-ogg: 62fdf1f143b41e24485cea50d1cbac27 -> 
  custom:video-encoder-webm-vp8: eb34c28f22e8b96e1ab97ce403110664 -> 
  custom:video-decoder-webm-vp8: 9c59270c3fd7afecdb556c50c9e8de78 -> 
  custom:audio-decoder-ogg-vorbis: bf7c407c2cedff20999df2af8eb42d56 -> 
  custom:audio-encoder-webm-vorbis: bf7c407c2cedff20999df2af8eb42d56 -> 
========================================================================
Received Import Request.
  Time since last request: 25.215120 seconds.
  path: Assets/Prefabs/Enemy.prefab
  artifactKey: Guid(777466cb71dbbab44ba9264133167744) Importer(815301076,1909f56bfc062723c751e8b465ee728b)
Start importing Assets/Prefabs/Enemy.prefab using Guid(777466cb71dbbab44ba9264133167744) Importer(815301076,1909f56bfc062723c751e8b465ee728b)  -> (artifact id: 'f5108ad67626826277cf1062096f6676') in 0.309774 seconds 
  Import took 0.323652 seconds .

========================================================================
Received Prepare
Registering precompiled user dll's ...
Registered in 0.011644 seconds.
Begin MonoManager ReloadAssembly
Native extension for WindowsStandalone target not found
Refreshing native plugins compatible for Editor in 2.12 ms, found 3 plugins.
Preloading 0 native plugins for Editor in 0.00 ms.
Mono: successfully reloaded assembly
- Completed reload, in  7.395 seconds
Domain Reload Profiling:
	ReloadAssembly (7396ms)
		BeginReloadAssembly (548ms)
			ExecutionOrderSort (0ms)
			DisableScriptedObjects (35ms)
			BackupInstance (0ms)
			ReleaseScriptingObjects (0ms)
			CreateAndSetChildDomain (191ms)
		EndReloadAssembly (6547ms)
			LoadAssemblies (456ms)
			RebuildTransferFunctionScriptingTraits (0ms)
			SetupTypeCache (1656ms)
			ReleaseScriptCaches (3ms)
			RebuildScriptCaches (282ms)
			SetupLoadedEditorAssemblies (2647ms)
				LogAssemblyErrors (0ms)
				InitializePlatformSupportModulesInManaged (30ms)
				SetLoadedEditorAssemblies (12ms)
				RefreshPlugins (2ms)
				BeforeProcessingInitializeOnLoad (598ms)
				ProcessInitializeOnLoadAttributes (1925ms)
				ProcessInitializeOnLoadMethodAttributes (68ms)
				AfterProcessingInitializeOnLoad (11ms)
				EditorAssembliesLoaded (1ms)
			ExecutionOrderSort2 (0ms)
			AwakeInstancesAfterBackupRestoration (82ms)
Platform modules already initialized, skipping
Refreshing native plugins compatible for Editor in 2.02 ms, found 3 plugins.
Preloading 0 native plugins for Editor in 0.00 ms.
Unloading 2536 Unused Serialized files (Serialized files now loaded: 0)
System memory in use before: 112.5 MB.
System memory in use after: 112.5 MB.

Unloading 21 unused Assets to reduce memory usage. Loaded Objects now: 2995.
Total: 28.506900 ms (FindLiveObjects: 1.719200 ms CreateObjectMapping: 2.126600 ms MarkObjects: 24.243700 ms  DeleteObjects: 0.411500 ms)

AssetImportParameters requested are different than current active one (requested -> active):
  custom:framework-win-MediaFoundation: 216162199b28c13a410421893ffa2e32 -> 
  custom:video-decoder-ogg-theora: a1e56fd34408186e4bbccfd4996cb3dc -> 
  custom:container-muxer-webm: aa71ff27fc2769a1b78a27578f13a17b -> 
  custom:container-demuxer-webm: 4f35f7cbe854078d1ac9338744f61a02 -> 
  custom:container-demuxer-ogg: 62fdf1f143b41e24485cea50d1cbac27 -> 
  custom:video-encoder-webm-vp8: eb34c28f22e8b96e1ab97ce403110664 -> 
  custom:video-decoder-webm-vp8: 9c59270c3fd7afecdb556c50c9e8de78 -> 
  custom:audio-decoder-ogg-vorbis: bf7c407c2cedff20999df2af8eb42d56 -> 
  custom:audio-encoder-webm-vorbis: bf7c407c2cedff20999df2af8eb42d56 -> 
========================================================================
Received Prepare
Registering precompiled user dll's ...
Registered in 0.010866 seconds.
Begin MonoManager ReloadAssembly
Native extension for WindowsStandalone target not found
Refreshing native plugins compatible for Editor in 2.70 ms, found 3 plugins.
Preloading 0 native plugins for Editor in 0.00 ms.
Mono: successfully reloaded assembly
- Completed reload, in  8.547 seconds
Domain Reload Profiling:
	ReloadAssembly (8564ms)
		BeginReloadAssembly (523ms)
			ExecutionOrderSort (0ms)
			DisableScriptedObjects (83ms)
			BackupInstance (0ms)
			ReleaseScriptingObjects (0ms)
			CreateAndSetChildDomain (123ms)
		EndReloadAssembly (7636ms)
			LoadAssemblies (451ms)
			RebuildTransferFunctionScriptingTraits (0ms)
			SetupTypeCache (3127ms)
			ReleaseScriptCaches (3ms)
			RebuildScriptCaches (289ms)
			SetupLoadedEditorAssemblies (2518ms)
				LogAssemblyErrors (0ms)
				InitializePlatformSupportModulesInManaged (37ms)
				SetLoadedEditorAssemblies (4ms)
				RefreshPlugins (3ms)
				BeforeProcessingInitializeOnLoad (564ms)
				ProcessInitializeOnLoadAttributes (1710ms)
				ProcessInitializeOnLoadMethodAttributes (167ms)
				AfterProcessingInitializeOnLoad (33ms)
				EditorAssembliesLoaded (1ms)
			ExecutionOrderSort2 (0ms)
			AwakeInstancesAfterBackupRestoration (54ms)
Platform modules already initialized, skipping
Refreshing native plugins compatible for Editor in 8.25 ms, found 3 plugins.
Preloading 0 native plugins for Editor in 0.00 ms.
Unloading 2536 Unused Serialized files (Serialized files now loaded: 0)
System memory in use before: 112.6 MB.
System memory in use after: 112.6 MB.

Unloading 21 unused Assets to reduce memory usage. Loaded Objects now: 2997.
Total: 49.219800 ms (FindLiveObjects: 12.787100 ms CreateObjectMapping: 1.213100 ms MarkObjects: 34.786600 ms  DeleteObjects: 0.428500 ms)

AssetImportParameters requested are different than current active one (requested -> active):
  custom:framework-win-MediaFoundation: 216162199b28c13a410421893ffa2e32 -> 
  custom:video-decoder-ogg-theora: a1e56fd34408186e4bbccfd4996cb3dc -> 
  custom:container-muxer-webm: aa71ff27fc2769a1b78a27578f13a17b -> 
  custom:container-demuxer-webm: 4f35f7cbe854078d1ac9338744f61a02 -> 
  custom:container-demuxer-ogg: 62fdf1f143b41e24485cea50d1cbac27 -> 
  custom:video-encoder-webm-vp8: eb34c28f22e8b96e1ab97ce403110664 -> 
  custom:video-decoder-webm-vp8: 9c59270c3fd7afecdb556c50c9e8de78 -> 
  custom:audio-decoder-ogg-vorbis: bf7c407c2cedff20999df2af8eb42d56 -> 
  custom:audio-encoder-webm-vorbis: bf7c407c2cedff20999df2af8eb42d56 -> 
========================================================================
Received Import Request.
  Time since last request: 262.791115 seconds.
  path: Assets/Prefabs/Player.prefab
  artifactKey: Guid(6db11ebc659bfe4458f4c6c2c58a6876) Importer(815301076,1909f56bfc062723c751e8b465ee728b)
Start importing Assets/Prefabs/Player.prefab using Guid(6db11ebc659bfe4458f4c6c2c58a6876) Importer(815301076,1909f56bfc062723c751e8b465ee728b)  -> (artifact id: '0378bb27883d68bc1144f0f7bb30dcae') in 0.526724 seconds 
  Import took 0.761727 seconds .

========================================================================
Received Import Request.
  Time since last request: 0.000130 seconds.
  path: Assets/Prefabs/Enemy.prefab
  artifactKey: Guid(777466cb71dbbab44ba9264133167744) Importer(815301076,1909f56bfc062723c751e8b465ee728b)
Start importing Assets/Prefabs/Enemy.prefab using Guid(777466cb71dbbab44ba9264133167744) Importer(815301076,1909f56bfc062723c751e8b465ee728b)  -> (artifact id: '07d68a82f409f9e030985ba9cfb50e29') in 0.186246 seconds 
  Import took 0.300267 seconds .

========================================================================
Received Prepare
Registering precompiled user dll's ...
Registered in 0.016518 seconds.
Begin MonoManager ReloadAssembly
Native extension for WindowsStandalone target not found
Refreshing native plugins compatible for Editor in 2.11 ms, found 3 plugins.
Preloading 0 native plugins for Editor in 0.00 ms.
Mono: successfully reloaded assembly
- Completed reload, in  4.901 seconds
Domain Reload Profiling:
	ReloadAssembly (4902ms)
		BeginReloadAssembly (442ms)
			ExecutionOrderSort (0ms)
			DisableScriptedObjects (27ms)
			BackupInstance (0ms)
			ReleaseScriptingObjects (0ms)
			CreateAndSetChildDomain (139ms)
		EndReloadAssembly (4151ms)
			LoadAssemblies (412ms)
			RebuildTransferFunctionScriptingTraits (0ms)
			SetupTypeCache (1484ms)
			ReleaseScriptCaches (3ms)
			RebuildScriptCaches (224ms)
			SetupLoadedEditorAssemblies (1512ms)
				LogAssemblyErrors (0ms)
				InitializePlatformSupportModulesInManaged (14ms)
				SetLoadedEditorAssemblies (2ms)
				RefreshPlugins (2ms)
				BeforeProcessingInitializeOnLoad (357ms)
				ProcessInitializeOnLoadAttributes (1077ms)
				ProcessInitializeOnLoadMethodAttributes (47ms)
				AfterProcessingInitializeOnLoad (11ms)
				EditorAssembliesLoaded (1ms)
			ExecutionOrderSort2 (0ms)
			AwakeInstancesAfterBackupRestoration (40ms)
Platform modules already initialized, skipping
Refreshing native plugins compatible for Editor in 1.98 ms, found 3 plugins.
Preloading 0 native plugins for Editor in 0.00 ms.
Unloading 2536 Unused Serialized files (Serialized files now loaded: 0)
System memory in use before: 112.6 MB.
System memory in use after: 112.7 MB.

Unloading 21 unused Assets to reduce memory usage. Loaded Objects now: 3000.
Total: 14.476900 ms (FindLiveObjects: 1.574400 ms CreateObjectMapping: 0.774600 ms MarkObjects: 11.715200 ms  DeleteObjects: 0.408400 ms)

AssetImportParameters requested are different than current active one (requested -> active):
  custom:framework-win-MediaFoundation: 216162199b28c13a410421893ffa2e32 -> 
  custom:video-decoder-ogg-theora: a1e56fd34408186e4bbccfd4996cb3dc -> 
  custom:container-muxer-webm: aa71ff27fc2769a1b78a27578f13a17b -> 
  custom:container-demuxer-webm: 4f35f7cbe854078d1ac9338744f61a02 -> 
  custom:container-demuxer-ogg: 62fdf1f143b41e24485cea50d1cbac27 -> 
  custom:video-encoder-webm-vp8: eb34c28f22e8b96e1ab97ce403110664 -> 
  custom:video-decoder-webm-vp8: 9c59270c3fd7afecdb556c50c9e8de78 -> 
  custom:audio-decoder-ogg-vorbis: bf7c407c2cedff20999df2af8eb42d56 -> 
  custom:audio-encoder-webm-vorbis: bf7c407c2cedff20999df2af8eb42d56 -> 
========================================================================
Received Import Request.
  Time since last request: 239.897584 seconds.
  path: Assets/Prefabs/Player.prefab
  artifactKey: Guid(6db11ebc659bfe4458f4c6c2c58a6876) Importer(815301076,1909f56bfc062723c751e8b465ee728b)
Start importing Assets/Prefabs/Player.prefab using Guid(6db11ebc659bfe4458f4c6c2c58a6876) Importer(815301076,1909f56bfc062723c751e8b465ee728b)  -> (artifact id: 'f50737d7a698507f9e5fa6504995a81a') in 0.268213 seconds 
  Import took 0.282612 seconds .

========================================================================
Received Import Request.
  Time since last request: 0.000561 seconds.
  path: Assets/Prefabs/Enemy.prefab
  artifactKey: Guid(777466cb71dbbab44ba9264133167744) Importer(815301076,1909f56bfc062723c751e8b465ee728b)
Start importing Assets/Prefabs/Enemy.prefab using Guid(777466cb71dbbab44ba9264133167744) Importer(815301076,1909f56bfc062723c751e8b465ee728b)  -> (artifact id: '7703276392ed37648a04200ad03c2a06') in 0.052723 seconds 
  Import took 0.066994 seconds .

========================================================================
Received Import Request.
  Time since last request: 5.560212 seconds.
  path: Assets/Prefabs/Enemy.prefab
  artifactKey: Guid(777466cb71dbbab44ba9264133167744) Importer(815301076,1909f56bfc062723c751e8b465ee728b)
Start importing Assets/Prefabs/Enemy.prefab using Guid(777466cb71dbbab44ba9264133167744) Importer(815301076,1909f56bfc062723c751e8b465ee728b)  -> (artifact id: 'eed62dc0e96e19f8b12fa54c8a9b8079') in 0.056893 seconds 
  Import took 0.071900 seconds .

========================================================================
Received Import Request.
  Time since last request: 3.989798 seconds.
  path: Assets/Prefabs/Enemy.prefab
  artifactKey: Guid(777466cb71dbbab44ba9264133167744) Importer(815301076,1909f56bfc062723c751e8b465ee728b)
Start importing Assets/Prefabs/Enemy.prefab using Guid(777466cb71dbbab44ba9264133167744) Importer(815301076,1909f56bfc062723c751e8b465ee728b)  -> (artifact id: '9fbcd6870e825315ffe30ca73ea3e511') in 0.050716 seconds 
  Import took 0.066875 seconds .

========================================================================
Received Import Request.
  Time since last request: 11.140615 seconds.
  path: Assets/Prefabs/Enemy.prefab
  artifactKey: Guid(777466cb71dbbab44ba9264133167744) Importer(815301076,1909f56bfc062723c751e8b465ee728b)
Start importing Assets/Prefabs/Enemy.prefab using Guid(777466cb71dbbab44ba9264133167744) Importer(815301076,1909f56bfc062723c751e8b465ee728b)  -> (artifact id: '1337b346b1e8ca61f9a0b2e19f2e7829') in 0.218643 seconds 
  Import took 0.304538 seconds .

========================================================================
Received Prepare
Registering precompiled user dll's ...
Registered in 0.009379 seconds.
Begin MonoManager ReloadAssembly
Native extension for WindowsStandalone target not found
Refreshing native plugins compatible for Editor in 2.02 ms, found 3 plugins.
Preloading 0 native plugins for Editor in 0.00 ms.
Mono: successfully reloaded assembly
- Completed reload, in  4.664 seconds
Domain Reload Profiling:
	ReloadAssembly (4665ms)
		BeginReloadAssembly (420ms)
			ExecutionOrderSort (0ms)
			DisableScriptedObjects (27ms)
			BackupInstance (0ms)
			ReleaseScriptingObjects (0ms)
			CreateAndSetChildDomain (133ms)
		EndReloadAssembly (3974ms)
			LoadAssemblies (461ms)
			RebuildTransferFunctionScriptingTraits (0ms)
			SetupTypeCache (1474ms)
			ReleaseScriptCaches (3ms)
			RebuildScriptCaches (197ms)
			SetupLoadedEditorAssemblies (1373ms)
				LogAssemblyErrors (0ms)
				InitializePlatformSupportModulesInManaged (14ms)
				SetLoadedEditorAssemblies (2ms)
				RefreshPlugins (2ms)
				BeforeProcessingInitializeOnLoad (333ms)
				ProcessInitializeOnLoadAttributes (967ms)
				ProcessInitializeOnLoadMethodAttributes (44ms)
				AfterProcessingInitializeOnLoad (10ms)
				EditorAssembliesLoaded (1ms)
			ExecutionOrderSort2 (0ms)
			AwakeInstancesAfterBackupRestoration (37ms)
Platform modules already initialized, skipping
Refreshing native plugins compatible for Editor in 1.98 ms, found 3 plugins.
Preloading 0 native plugins for Editor in 0.00 ms.
Unloading 2536 Unused Serialized files (Serialized files now loaded: 0)
System memory in use before: 112.6 MB.
System memory in use after: 112.7 MB.

Unloading 21 unused Assets to reduce memory usage. Loaded Objects now: 3003.
Total: 13.377500 ms (FindLiveObjects: 0.879200 ms CreateObjectMapping: 0.267300 ms MarkObjects: 11.810100 ms  DeleteObjects: 0.416800 ms)

AssetImportParameters requested are different than current active one (requested -> active):
  custom:framework-win-MediaFoundation: 216162199b28c13a410421893ffa2e32 -> 
  custom:video-decoder-ogg-theora: a1e56fd34408186e4bbccfd4996cb3dc -> 
  custom:container-muxer-webm: aa71ff27fc2769a1b78a27578f13a17b -> 
  custom:container-demuxer-webm: 4f35f7cbe854078d1ac9338744f61a02 -> 
  custom:container-demuxer-ogg: 62fdf1f143b41e24485cea50d1cbac27 -> 
  custom:video-encoder-webm-vp8: eb34c28f22e8b96e1ab97ce403110664 -> 
  custom:video-decoder-webm-vp8: 9c59270c3fd7afecdb556c50c9e8de78 -> 
  custom:audio-decoder-ogg-vorbis: bf7c407c2cedff20999df2af8eb42d56 -> 
  custom:audio-encoder-webm-vorbis: bf7c407c2cedff20999df2af8eb42d56 -> 
========================================================================
Received Prepare
Registering precompiled user dll's ...
Registered in 0.014540 seconds.
Begin MonoManager ReloadAssembly
Native extension for WindowsStandalone target not found
Refreshing native plugins compatible for Editor in 1.99 ms, found 3 plugins.
Preloading 0 native plugins for Editor in 0.00 ms.
Mono: successfully reloaded assembly
- Completed reload, in  4.601 seconds
Domain Reload Profiling:
	ReloadAssembly (4602ms)
		BeginReloadAssembly (440ms)
			ExecutionOrderSort (0ms)
			DisableScriptedObjects (30ms)
			BackupInstance (0ms)
			ReleaseScriptingObjects (0ms)
			CreateAndSetChildDomain (129ms)
		EndReloadAssembly (3878ms)
			LoadAssemblies (413ms)
			RebuildTransferFunctionScriptingTraits (0ms)
			SetupTypeCache (1455ms)
			ReleaseScriptCaches (3ms)
			RebuildScriptCaches (191ms)
			SetupLoadedEditorAssemblies (1366ms)
				LogAssemblyErrors (0ms)
				InitializePlatformSupportModulesInManaged (13ms)
				SetLoadedEditorAssemblies (2ms)
				RefreshPlugins (2ms)
				BeforeProcessingInitializeOnLoad (330ms)
				ProcessInitializeOnLoadAttributes (961ms)
				ProcessInitializeOnLoadMethodAttributes (45ms)
				AfterProcessingInitializeOnLoad (11ms)
				EditorAssembliesLoaded (1ms)
			ExecutionOrderSort2 (0ms)
			AwakeInstancesAfterBackupRestoration (39ms)
Platform modules already initialized, skipping
Refreshing native plugins compatible for Editor in 2.28 ms, found 3 plugins.
Preloading 0 native plugins for Editor in 0.00 ms.
Unloading 2536 Unused Serialized files (Serialized files now loaded: 0)
System memory in use before: 112.6 MB.
System memory in use after: 112.7 MB.

Unloading 21 unused Assets to reduce memory usage. Loaded Objects now: 3005.
Total: 12.918300 ms (FindLiveObjects: 0.898000 ms CreateObjectMapping: 0.266000 ms MarkObjects: 11.333800 ms  DeleteObjects: 0.416000 ms)

AssetImportParameters requested are different than current active one (requested -> active):
  custom:framework-win-MediaFoundation: 216162199b28c13a410421893ffa2e32 -> 
  custom:video-decoder-ogg-theora: a1e56fd34408186e4bbccfd4996cb3dc -> 
  custom:container-muxer-webm: aa71ff27fc2769a1b78a27578f13a17b -> 
  custom:container-demuxer-webm: 4f35f7cbe854078d1ac9338744f61a02 -> 
  custom:container-demuxer-ogg: 62fdf1f143b41e24485cea50d1cbac27 -> 
  custom:video-encoder-webm-vp8: eb34c28f22e8b96e1ab97ce403110664 -> 
  custom:video-decoder-webm-vp8: 9c59270c3fd7afecdb556c50c9e8de78 -> 
  custom:audio-decoder-ogg-vorbis: bf7c407c2cedff20999df2af8eb42d56 -> 
  custom:audio-encoder-webm-vorbis: bf7c407c2cedff20999df2af8eb42d56 -> 
========================================================================
Received Prepare
Registering precompiled user dll's ...
Registered in 0.010557 seconds.
Begin MonoManager ReloadAssembly
Native extension for WindowsStandalone target not found
Refreshing native plugins compatible for Editor in 2.06 ms, found 3 plugins.
Preloading 0 native plugins for Editor in 0.00 ms.
Mono: successfully reloaded assembly
- Completed reload, in  5.279 seconds
Domain Reload Profiling:
	ReloadAssembly (5281ms)
		BeginReloadAssembly (438ms)
			ExecutionOrderSort (0ms)
			DisableScriptedObjects (26ms)
			BackupInstance (0ms)
			ReleaseScriptingObjects (0ms)
			CreateAndSetChildDomain (140ms)
		EndReloadAssembly (4571ms)
			LoadAssemblies (394ms)
			RebuildTransferFunctionScriptingTraits (0ms)
			SetupTypeCache (1607ms)
			ReleaseScriptCaches (3ms)
			RebuildScriptCaches (239ms)
			SetupLoadedEditorAssemblies (1733ms)
				LogAssemblyErrors (0ms)
				InitializePlatformSupportModulesInManaged (18ms)
				SetLoadedEditorAssemblies (4ms)
				RefreshPlugins (2ms)
				BeforeProcessingInitializeOnLoad (402ms)
				ProcessInitializeOnLoadAttributes (1239ms)
				ProcessInitializeOnLoadMethodAttributes (56ms)
				AfterProcessingInitializeOnLoad (11ms)
				EditorAssembliesLoaded (1ms)
			ExecutionOrderSort2 (0ms)
			AwakeInstancesAfterBackupRestoration (50ms)
Platform modules already initialized, skipping
Refreshing native plugins compatible for Editor in 2.02 ms, found 3 plugins.
Preloading 0 native plugins for Editor in 0.00 ms.
Unloading 2536 Unused Serialized files (Serialized files now loaded: 0)
System memory in use before: 112.5 MB.
System memory in use after: 112.6 MB.

Unloading 21 unused Assets to reduce memory usage. Loaded Objects now: 3007.
Total: 15.888800 ms (FindLiveObjects: 1.431900 ms CreateObjectMapping: 0.597700 ms MarkObjects: 13.427300 ms  DeleteObjects: 0.427600 ms)

AssetImportParameters requested are different than current active one (requested -> active):
  custom:framework-win-MediaFoundation: 216162199b28c13a410421893ffa2e32 -> 
  custom:video-decoder-ogg-theora: a1e56fd34408186e4bbccfd4996cb3dc -> 
  custom:container-muxer-webm: aa71ff27fc2769a1b78a27578f13a17b -> 
  custom:container-demuxer-webm: 4f35f7cbe854078d1ac9338744f61a02 -> 
  custom:container-demuxer-ogg: 62fdf1f143b41e24485cea50d1cbac27 -> 
  custom:video-encoder-webm-vp8: eb34c28f22e8b96e1ab97ce403110664 -> 
  custom:video-decoder-webm-vp8: 9c59270c3fd7afecdb556c50c9e8de78 -> 
  custom:audio-decoder-ogg-vorbis: bf7c407c2cedff20999df2af8eb42d56 -> 
  custom:audio-encoder-webm-vorbis: bf7c407c2cedff20999df2af8eb42d56 -> 
========================================================================
Received Import Request.
  Time since last request: 328.218318 seconds.
  path: Assets/Prefabs/Enemy.prefab
  artifactKey: Guid(777466cb71dbbab44ba9264133167744) Importer(815301076,1909f56bfc062723c751e8b465ee728b)
Start importing Assets/Prefabs/Enemy.prefab using Guid(777466cb71dbbab44ba9264133167744) Importer(815301076,1909f56bfc062723c751e8b465ee728b)  -> (artifact id: 'ed3d94605b9696c323f6e8ccccf87c53') in 0.292041 seconds 
  Import took 0.307606 seconds .

========================================================================
Received Import Request.
  Time since last request: 15.266417 seconds.
  path: Assets/Prefabs/Enemy.prefab
  artifactKey: Guid(777466cb71dbbab44ba9264133167744) Importer(815301076,1909f56bfc062723c751e8b465ee728b)
Start importing Assets/Prefabs/Enemy.prefab using Guid(777466cb71dbbab44ba9264133167744) Importer(815301076,1909f56bfc062723c751e8b465ee728b)  -> (artifact id: 'dc0ffe409021f4b30622526301bd707d') in 0.069564 seconds 
  Import took 0.084045 seconds .

========================================================================
Received Prepare
Registering precompiled user dll's ...
Registered in 0.012501 seconds.
Begin MonoManager ReloadAssembly
Native extension for WindowsStandalone target not found
Refreshing native plugins compatible for Editor in 2.02 ms, found 3 plugins.
Preloading 0 native plugins for Editor in 0.00 ms.
Mono: successfully reloaded assembly
- Completed reload, in  5.372 seconds
Domain Reload Profiling:
	ReloadAssembly (5373ms)
		BeginReloadAssembly (454ms)
			ExecutionOrderSort (0ms)
			DisableScriptedObjects (25ms)
			BackupInstance (0ms)
			ReleaseScriptingObjects (0ms)
			CreateAndSetChildDomain (162ms)
		EndReloadAssembly (4633ms)
			LoadAssemblies (394ms)
			RebuildTransferFunctionScriptingTraits (0ms)
			SetupTypeCache (1654ms)
			ReleaseScriptCaches (4ms)
			RebuildScriptCaches (241ms)
			SetupLoadedEditorAssemblies (1737ms)
				LogAssemblyErrors (0ms)
				InitializePlatformSupportModulesInManaged (18ms)
				SetLoadedEditorAssemblies (3ms)
				RefreshPlugins (2ms)
				BeforeProcessingInitializeOnLoad (412ms)
				ProcessInitializeOnLoadAttributes (1232ms)
				ProcessInitializeOnLoadMethodAttributes (58ms)
				AfterProcessingInitializeOnLoad (11ms)
				EditorAssembliesLoaded (1ms)
			ExecutionOrderSort2 (0ms)
			AwakeInstancesAfterBackupRestoration (51ms)
Platform modules already initialized, skipping
Refreshing native plugins compatible for Editor in 2.09 ms, found 3 plugins.
Preloading 0 native plugins for Editor in 0.00 ms.
Unloading 2536 Unused Serialized files (Serialized files now loaded: 0)
System memory in use before: 112.6 MB.
System memory in use after: 112.7 MB.

Unloading 21 unused Assets to reduce memory usage. Loaded Objects now: 3010.
Total: 15.366200 ms (FindLiveObjects: 1.362500 ms CreateObjectMapping: 0.574900 ms MarkObjects: 12.952700 ms  DeleteObjects: 0.470800 ms)

AssetImportParameters requested are different than current active one (requested -> active):
  custom:framework-win-MediaFoundation: 216162199b28c13a410421893ffa2e32 -> 
  custom:video-decoder-ogg-theora: a1e56fd34408186e4bbccfd4996cb3dc -> 
  custom:container-muxer-webm: aa71ff27fc2769a1b78a27578f13a17b -> 
  custom:container-demuxer-webm: 4f35f7cbe854078d1ac9338744f61a02 -> 
  custom:container-demuxer-ogg: 62fdf1f143b41e24485cea50d1cbac27 -> 
  custom:video-encoder-webm-vp8: eb34c28f22e8b96e1ab97ce403110664 -> 
  custom:video-decoder-webm-vp8: 9c59270c3fd7afecdb556c50c9e8de78 -> 
  custom:audio-decoder-ogg-vorbis: bf7c407c2cedff20999df2af8eb42d56 -> 
  custom:audio-encoder-webm-vorbis: bf7c407c2cedff20999df2af8eb42d56 -> 
========================================================================
Received Import Request.
  Time since last request: 24.269748 seconds.
  path: Assets/Prefabs/Enemy.prefab
  artifactKey: Guid(777466cb71dbbab44ba9264133167744) Importer(815301076,1909f56bfc062723c751e8b465ee728b)
Start importing Assets/Prefabs/Enemy.prefab using Guid(777466cb71dbbab44ba9264133167744) Importer(815301076,1909f56bfc062723c751e8b465ee728b)  -> (artifact id: '80d56708697682053492288e383afa17') in 0.280561 seconds 
  Import took 0.298656 seconds .

========================================================================
Received Import Request.
  Time since last request: 187.177256 seconds.
  path: Assets/Sprites/PNG/Effects
  artifactKey: Guid(24000de1e7df9aa4db9dca7423b4bda2) Importer(815301076,1909f56bfc062723c751e8b465ee728b)
Start importing Assets/Sprites/PNG/Effects using Guid(24000de1e7df9aa4db9dca7423b4bda2) Importer(815301076,1909f56bfc062723c751e8b465ee728b)  -> (artifact id: 'de530eb90f3ba7a1cc3be15408aa37db') in 0.082724 seconds 
  Import took 0.100339 seconds .

========================================================================
Received Import Request.
  Time since last request: 0.000603 seconds.
  path: Assets/Sprites/PNG/Effects/star2.png
  artifactKey: Guid(88261537723f0a44b96d4d92e39a2788) Importer(815301076,1909f56bfc062723c751e8b465ee728b)
Start importing Assets/Sprites/PNG/Effects/star2.png using Guid(88261537723f0a44b96d4d92e39a2788) Importer(815301076,1909f56bfc062723c751e8b465ee728b)  -> (artifact id: 'e23b7d7468efdaa675ab6267eca455f5') in 0.302204 seconds 
  Import took 0.315728 seconds .

========================================================================
Received Import Request.
  Time since last request: 0.000591 seconds.
  path: Assets/Sprites/PNG/Effects/fire11.png
  artifactKey: Guid(f6ba3459e914e7041af02a530c56c78f) Importer(815301076,1909f56bfc062723c751e8b465ee728b)
Start importing Assets/Sprites/PNG/Effects/fire11.png using Guid(f6ba3459e914e7041af02a530c56c78f) Importer(815301076,1909f56bfc062723c751e8b465ee728b)  -> (artifact id: 'dae0bff3b01848d827eb8aef5b2839af') in 0.151962 seconds 
  Import took 0.165612 seconds .

========================================================================
Received Import Request.
  Time since last request: 0.000523 seconds.
  path: Assets/Sprites/PNG/Effects/fire06.png
  artifactKey: Guid(5161f92eb4d0dcb4e9ba16fc2ed79490) Importer(815301076,1909f56bfc062723c751e8b465ee728b)
Start importing Assets/Sprites/PNG/Effects/fire06.png using Guid(5161f92eb4d0dcb4e9ba16fc2ed79490) Importer(815301076,1909f56bfc062723c751e8b465ee728b)  -> (artifact id: '3d3cd948ff5cb7eb2c8f19aed51c7058') in 0.117210 seconds 
  Import took 0.129692 seconds .

========================================================================
Received Import Request.
  Time since last request: 0.000543 seconds.
  path: Assets/Sprites/PNG/Effects/fire01.png
  artifactKey: Guid(36dba3d108f76b242b2378b772600429) Importer(815301076,1909f56bfc062723c751e8b465ee728b)
Start importing Assets/Sprites/PNG/Effects/fire01.png using Guid(36dba3d108f76b242b2378b772600429) Importer(815301076,1909f56bfc062723c751e8b465ee728b)  -> (artifact id: '408726cf4f48cf5abef3af3ac1623a27') in 0.097711 seconds 
  Import took 0.110680 seconds .

========================================================================
Received Import Request.
  Time since last request: 0.000558 seconds.
  path: Assets/Sprites/PNG/Effects/fire00.png
  artifactKey: Guid(ea6147f31d515574baadbf779c0798ca) Importer(815301076,1909f56bfc062723c751e8b465ee728b)
Start importing Assets/Sprites/PNG/Effects/fire00.png using Guid(ea6147f31d515574baadbf779c0798ca) Importer(815301076,1909f56bfc062723c751e8b465ee728b)  -> (artifact id: 'ae71e9104aab66c4d5e8aec4fc21512b') in 0.108352 seconds 
  Import took 0.123611 seconds .

========================================================================
Received Import Request.
  Time since last request: 0.000568 seconds.
  path: Assets/Sprites/PNG/Effects/star1.png
  artifactKey: Guid(bc02ac04d2003c04da07020bfb69cb80) Importer(815301076,1909f56bfc062723c751e8b465ee728b)
Start importing Assets/Sprites/PNG/Effects/star1.png using Guid(bc02ac04d2003c04da07020bfb69cb80) Importer(815301076,1909f56bfc062723c751e8b465ee728b)  -> (artifact id: '034dcbdb2122dd3dd0ecc61b6ec11539') in 0.112143 seconds 
  Import took 0.126847 seconds .

========================================================================
Received Import Request.
  Time since last request: 0.000626 seconds.
  path: Assets/Sprites/PNG/Effects/speed.png
  artifactKey: Guid(a30864c00ef983b46abf30816d67464b) Importer(815301076,1909f56bfc062723c751e8b465ee728b)
Start importing Assets/Sprites/PNG/Effects/speed.png using Guid(a30864c00ef983b46abf30816d67464b) Importer(815301076,1909f56bfc062723c751e8b465ee728b)  -> (artifact id: 'a9aa7de367fc3189fb2deeeedfb7095b') in 0.102466 seconds 
  Import took 0.116212 seconds .

========================================================================
Received Import Request.
  Time since last request: 0.000559 seconds.
  path: Assets/Sprites/PNG/Effects/fire12.png
  artifactKey: Guid(e319cf7eb66825b41a4ca5dff90745c8) Importer(815301076,1909f56bfc062723c751e8b465ee728b)
Start importing Assets/Sprites/PNG/Effects/fire12.png using Guid(e319cf7eb66825b41a4ca5dff90745c8) Importer(815301076,1909f56bfc062723c751e8b465ee728b)  -> (artifact id: '09426f48f96e69f23488eb609b26a73f') in 0.095939 seconds 
  Import took 0.109136 seconds .

========================================================================
Received Import Request.
  Time since last request: 0.000535 seconds.
  path: Assets/Sprites/PNG/Effects/fire18.png
  artifactKey: Guid(b101fde36b6d03e48b98ff311e2d55e3) Importer(815301076,1909f56bfc062723c751e8b465ee728b)
Start importing Assets/Sprites/PNG/Effects/fire18.png using Guid(b101fde36b6d03e48b98ff311e2d55e3) Importer(815301076,1909f56bfc062723c751e8b465ee728b)  -> (artifact id: '29eab4006413961590af5d0bd13c5316') in 0.086180 seconds 
  Import took 0.101412 seconds .

========================================================================
Received Import Request.
  Time since last request: 0.000628 seconds.
  path: Assets/Sprites/PNG/Effects/fire07.png
  artifactKey: Guid(37cf781f81d40844191fa49bf930c70f) Importer(815301076,1909f56bfc062723c751e8b465ee728b)
Start importing Assets/Sprites/PNG/Effects/fire07.png using Guid(37cf781f81d40844191fa49bf930c70f) Importer(815301076,1909f56bfc062723c751e8b465ee728b)  -> (artifact id: '22b7e752120933a32d2b5d21c430ae7b') in 0.126100 seconds 
  Import took 0.159180 seconds .

========================================================================
Received Import Request.
  Time since last request: 0.000541 seconds.
  path: Assets/Sprites/PNG/Effects/fire05.png
  artifactKey: Guid(edc5c679aab8323498ec96ffef00d171) Importer(815301076,1909f56bfc062723c751e8b465ee728b)
Start importing Assets/Sprites/PNG/Effects/fire05.png using Guid(edc5c679aab8323498ec96ffef00d171) Importer(815301076,1909f56bfc062723c751e8b465ee728b)  -> (artifact id: '8b051885811fb92de7ce2e68b81873ba') in 0.110631 seconds 
  Import took 0.124514 seconds .

========================================================================
Received Import Request.
  Time since last request: 0.000140 seconds.
  path: Assets/Sprites/PNG/Effects/star3.png
  artifactKey: Guid(4161dc72631f725438d809399ff480d2) Importer(815301076,1909f56bfc062723c751e8b465ee728b)
Start importing Assets/Sprites/PNG/Effects/star3.png using Guid(4161dc72631f725438d809399ff480d2) Importer(815301076,1909f56bfc062723c751e8b465ee728b)  -> (artifact id: 'a1df7c58e3955b03c5949c8f8ad635b5') in 0.146272 seconds 
  Import took 0.162712 seconds .

========================================================================
Received Import Request.
  Time since last request: 0.000510 seconds.
  path: Assets/Sprites/PNG/Effects/shield2.png
  artifactKey: Guid(4349ee17767f169468adc7e0542ddc04) Importer(815301076,1909f56bfc062723c751e8b465ee728b)
Start importing Assets/Sprites/PNG/Effects/shield2.png using Guid(4349ee17767f169468adc7e0542ddc04) Importer(815301076,1909f56bfc062723c751e8b465ee728b)  -> (artifact id: '8d9974a63b54b93a351b14892ee20111') in 0.171848 seconds 
  Import took 0.185481 seconds .

========================================================================
Received Import Request.
  Time since last request: 0.000641 seconds.
  path: Assets/Sprites/PNG/Effects/fire10.png
  artifactKey: Guid(ed28f00e1fe558d4982626373409cab8) Importer(815301076,1909f56bfc062723c751e8b465ee728b)
Start importing Assets/Sprites/PNG/Effects/fire10.png using Guid(ed28f00e1fe558d4982626373409cab8) Importer(815301076,1909f56bfc062723c751e8b465ee728b)  -> (artifact id: '4f9edae1069992833163ac9f910e1bd2') in 0.112884 seconds 
  Import took 0.126879 seconds .

========================================================================
Received Import Request.
  Time since last request: 0.000572 seconds.
  path: Assets/Sprites/PNG/Effects/shield1.png
  artifactKey: Guid(6efb7e4c3ce64cb44bc7c2a863b3c522) Importer(815301076,1909f56bfc062723c751e8b465ee728b)
Start importing Assets/Sprites/PNG/Effects/shield1.png using Guid(6efb7e4c3ce64cb44bc7c2a863b3c522) Importer(815301076,1909f56bfc062723c751e8b465ee728b)  -> (artifact id: '9aa41c6af494af2b0018bf5589ca8316') in 0.218933 seconds 
  Import took 0.231789 seconds .

========================================================================
Received Import Request.
  Time since last request: 0.000563 seconds.
  path: Assets/Sprites/PNG/Effects/fire04.png
  artifactKey: Guid(a4e895d45fd14ed4e8bc0eecc551fcfc) Importer(815301076,1909f56bfc062723c751e8b465ee728b)
Start importing Assets/Sprites/PNG/Effects/fire04.png using Guid(a4e895d45fd14ed4e8bc0eecc551fcfc) Importer(815301076,1909f56bfc062723c751e8b465ee728b)  -> (artifact id: '82635bb8b6b7090cfbc22b7efdd836ae') in 0.119560 seconds 
  Import took 0.140315 seconds .

========================================================================
Received Import Request.
  Time since last request: 0.004842 seconds.
  path: Assets/Sprites/PNG/Effects/fire08.png
  artifactKey: Guid(403c52a031d3d81479811c7f342d5776) Importer(815301076,1909f56bfc062723c751e8b465ee728b)
Start importing Assets/Sprites/PNG/Effects/fire08.png using Guid(403c52a031d3d81479811c7f342d5776) Importer(815301076,1909f56bfc062723c751e8b465ee728b)  -> (artifact id: '8f856118bf688414793734a7688179a3') in 0.084547 seconds 
  Import took 0.101211 seconds .

========================================================================
Received Import Request.
  Time since last request: 0.000540 seconds.
  path: Assets/Sprites/PNG/Effects/fire19.png
  artifactKey: Guid(2cd0ba700509dee4391b4193b667d72f) Importer(815301076,1909f56bfc062723c751e8b465ee728b)
Start importing Assets/Sprites/PNG/Effects/fire19.png using Guid(2cd0ba700509dee4391b4193b667d72f) Importer(815301076,1909f56bfc062723c751e8b465ee728b)  -> (artifact id: '06d9247ed525818f0aa0da84a6832b14') in 0.100526 seconds 
  Import took 0.113367 seconds .

========================================================================
Received Import Request.
  Time since last request: 0.000643 seconds.
  path: Assets/Sprites/PNG/Effects/shield3.png
  artifactKey: Guid(4f345ad39d0b7d248b7b71f125ab44e8) Importer(815301076,1909f56bfc062723c751e8b465ee728b)
Start importing Assets/Sprites/PNG/Effects/shield3.png using Guid(4f345ad39d0b7d248b7b71f125ab44e8) Importer(815301076,1909f56bfc062723c751e8b465ee728b)  -> (artifact id: '91e06bc94c54518b17ccd18f73f43c61') in 0.148472 seconds 
  Import took 0.162793 seconds .

========================================================================
Received Import Request.
  Time since last request: 0.000682 seconds.
  path: Assets/Sprites/PNG/Effects/fire15.png
  artifactKey: Guid(8879680b371b12241b37cc274e83de81) Importer(815301076,1909f56bfc062723c751e8b465ee728b)
Start importing Assets/Sprites/PNG/Effects/fire15.png using Guid(8879680b371b12241b37cc274e83de81) Importer(815301076,1909f56bfc062723c751e8b465ee728b)  -> (artifact id: '019e239d86bff5e903456085a59f3391') in 0.226162 seconds 
  Import took 0.241315 seconds .

========================================================================
Received Import Request.
  Time since last request: 0.000633 seconds.
  path: Assets/Sprites/PNG/Effects/fire02.png
  artifactKey: Guid(23e782232c6e02e438f597b445197428) Importer(815301076,1909f56bfc062723c751e8b465ee728b)
Start importing Assets/Sprites/PNG/Effects/fire02.png using Guid(23e782232c6e02e438f597b445197428) Importer(815301076,1909f56bfc062723c751e8b465ee728b)  -> (artifact id: '91d90e230b4d13730d8a89ca1a2b2174') in 0.153963 seconds 
  Import took 0.167302 seconds .

========================================================================
Received Import Request.
  Time since last request: 0.000578 seconds.
  path: Assets/Sprites/PNG/Effects/fire03.png
  artifactKey: Guid(be57b8ab2ce13d04da256a33a2dd555c) Importer(815301076,1909f56bfc062723c751e8b465ee728b)
Start importing Assets/Sprites/PNG/Effects/fire03.png using Guid(be57b8ab2ce13d04da256a33a2dd555c) Importer(815301076,1909f56bfc062723c751e8b465ee728b)  -> (artifact id: '5213403166b18b22fffb34ac7e0e5733') in 0.098799 seconds 
  Import took 0.114568 seconds .

========================================================================
Received Import Request.
  Time since last request: 0.000573 seconds.
  path: Assets/Sprites/PNG/Effects/fire16.png
  artifactKey: Guid(5104daa4cc363f04c8b2a431f00999e9) Importer(815301076,1909f56bfc062723c751e8b465ee728b)
Start importing Assets/Sprites/PNG/Effects/fire16.png using Guid(5104daa4cc363f04c8b2a431f00999e9) Importer(815301076,1909f56bfc062723c751e8b465ee728b)  -> (artifact id: '26b75d25b5dfb94d6021d600bb50cfaa') in 0.089576 seconds 
  Import took 0.103278 seconds .

========================================================================
Received Import Request.
  Time since last request: 0.000646 seconds.
  path: Assets/Sprites/PNG/Effects/fire13.png
  artifactKey: Guid(413002b6e6520684587310c52d6caa56) Importer(815301076,1909f56bfc062723c751e8b465ee728b)
Start importing Assets/Sprites/PNG/Effects/fire13.png using Guid(413002b6e6520684587310c52d6caa56) Importer(815301076,1909f56bfc062723c751e8b465ee728b)  -> (artifact id: 'f85245b1a93c51d10b043a9cb0e76310') in 0.109267 seconds 
  Import took 0.121692 seconds .

========================================================================
Received Import Request.
  Time since last request: 0.000630 seconds.
  path: Assets/Sprites/PNG/Effects/fire09.png
  artifactKey: Guid(f35bc6f871cbd3e40bb408c4e007a789) Importer(815301076,1909f56bfc062723c751e8b465ee728b)
Start importing Assets/Sprites/PNG/Effects/fire09.png using Guid(f35bc6f871cbd3e40bb408c4e007a789) Importer(815301076,1909f56bfc062723c751e8b465ee728b)  -> (artifact id: '97eb423a2e40b38ec5f71c82481dff5c') in 0.092194 seconds 
  Import took 0.104808 seconds .

========================================================================
Received Import Request.
  Time since last request: 0.000574 seconds.
  path: Assets/Sprites/PNG/Effects/fire17.png
  artifactKey: Guid(3e3826f6893925345b8b29a9d4fa62a2) Importer(815301076,1909f56bfc062723c751e8b465ee728b)
Start importing Assets/Sprites/PNG/Effects/fire17.png using Guid(3e3826f6893925345b8b29a9d4fa62a2) Importer(815301076,1909f56bfc062723c751e8b465ee728b)  -> (artifact id: '4a17b91dc46ac443e37fb8c143ebbdea') in 0.104876 seconds 
  Import took 0.117541 seconds .

========================================================================
Received Import Request.
  Time since last request: 0.000557 seconds.
  path: Assets/Sprites/PNG/Effects/VFX
  artifactKey: Guid(5fe5be5aff9e8f64485710e7d71071ba) Importer(815301076,1909f56bfc062723c751e8b465ee728b)
Start importing Assets/Sprites/PNG/Effects/VFX using Guid(5fe5be5aff9e8f64485710e7d71071ba) Importer(815301076,1909f56bfc062723c751e8b465ee728b)  -> (artifact id: '04b4f01bbbeca9c195d3a3ed230c16be') in 0.020794 seconds 
  Import took 0.033385 seconds .

========================================================================
Received Import Request.
  Time since last request: 0.000553 seconds.
  path: Assets/Sprites/PNG/Effects/fire14.png
  artifactKey: Guid(f17bdbc418280de48868ffc79d5979c0) Importer(815301076,1909f56bfc062723c751e8b465ee728b)
Start importing Assets/Sprites/PNG/Effects/fire14.png using Guid(f17bdbc418280de48868ffc79d5979c0) Importer(815301076,1909f56bfc062723c751e8b465ee728b)  -> (artifact id: 'c7748f9ba56bfcb7f1c94992b76d2f84') in 0.091929 seconds 
  Import took 0.104251 seconds .

========================================================================
Received Import Request.
  Time since last request: 1.960626 seconds.
  path: Assets/Sprites/PNG/Effects/VFX/Explosions
  artifactKey: Guid(cc1a327d7beb8ad4090802746df3aac2) Importer(815301076,1909f56bfc062723c751e8b465ee728b)
Start importing Assets/Sprites/PNG/Effects/VFX/Explosions using Guid(cc1a327d7beb8ad4090802746df3aac2) Importer(815301076,1909f56bfc062723c751e8b465ee728b)  -> (artifact id: '2717c80087d79333816530be13a98511') in 0.025497 seconds 
  Import took 0.042862 seconds .

========================================================================
Received Import Request.
  Time since last request: 0.017375 seconds.
  path: Assets/Sprites/PNG/Effects/VFX/Explosions/Rocket_Explosion_01.mat
  artifactKey: Guid(4ba998d512e9cec4186f2e0d4caa65f4) Importer(815301076,1909f56bfc062723c751e8b465ee728b)
Start importing Assets/Sprites/PNG/Effects/VFX/Explosions/Rocket_Explosion_01.mat using Guid(4ba998d512e9cec4186f2e0d4caa65f4) Importer(815301076,1909f56bfc062723c751e8b465ee728b)  -> (artifact id: '01bcf04d361caa50e98b54854e869166') in 0.399388 seconds 
  Import took 0.412173 seconds .

========================================================================
Received Import Request.
  Time since last request: 0.000541 seconds.
  path: Assets/Sprites/PNG/Effects/VFX/Explosions/Small Explosion_01_Smoke_02.mat
  artifactKey: Guid(f7601e72adf5e7b4eabb731425d0b998) Importer(815301076,1909f56bfc062723c751e8b465ee728b)
Start importing Assets/Sprites/PNG/Effects/VFX/Explosions/Small Explosion_01_Smoke_02.mat using Guid(f7601e72adf5e7b4eabb731425d0b998) Importer(815301076,1909f56bfc062723c751e8b465ee728b)  -> (artifact id: '574149c5ae0bdc9ac6c3a5aac67d13ea') in 0.156543 seconds 
  Import took 0.194614 seconds .

========================================================================
Received Import Request.
  Time since last request: 0.000589 seconds.
  path: Assets/Sprites/PNG/Effects/VFX/Explosions/Small Explosion_01_Parts_01.png
  artifactKey: Guid(249f6ebbdacd4b44999b6f2f2a7b92ec) Importer(815301076,1909f56bfc062723c751e8b465ee728b)
Start importing Assets/Sprites/PNG/Effects/VFX/Explosions/Small Explosion_01_Parts_01.png using Guid(249f6ebbdacd4b44999b6f2f2a7b92ec) Importer(815301076,1909f56bfc062723c751e8b465ee728b)  -> (artifact id: 'd2c54774732cd16363ad688320a32bd6') in 0.120999 seconds 
  Import took 0.135778 seconds .

========================================================================
Received Import Request.
  Time since last request: 0.000554 seconds.
  path: Assets/Sprites/PNG/Effects/VFX/Explosions/Small Explosion_01_Parts_01.mat
  artifactKey: Guid(fe1443dff46bd5a4082cc407c98f4b40) Importer(815301076,1909f56bfc062723c751e8b465ee728b)
Start importing Assets/Sprites/PNG/Effects/VFX/Explosions/Small Explosion_01_Parts_01.mat using Guid(fe1443dff46bd5a4082cc407c98f4b40) Importer(815301076,1909f56bfc062723c751e8b465ee728b)  -> (artifact id: 'a50cf148d9b5f99837a3e3637ec3fd55') in 0.065475 seconds 
  Import took 0.078440 seconds .

========================================================================
Received Import Request.
  Time since last request: 0.000544 seconds.
  path: Assets/Sprites/PNG/Effects/VFX/Explosions/Small Explosion_01_Smoke_02_PC.mat
  artifactKey: Guid(b7501b71cacf94e468954ef16fba6b47) Importer(815301076,1909f56bfc062723c751e8b465ee728b)
Start importing Assets/Sprites/PNG/Effects/VFX/Explosions/Small Explosion_01_Smoke_02_PC.mat using Guid(b7501b71cacf94e468954ef16fba6b47) Importer(815301076,1909f56bfc062723c751e8b465ee728b)  -> (artifact id: 'cfd18b141f001e541a4177fc4e71f60a') in 0.289312 seconds 
  Import took 0.304615 seconds .

========================================================================
Received Import Request.
  Time since last request: 0.000522 seconds.
  path: Assets/Sprites/PNG/Effects/VFX/Explosions/Small Explosion_01_Smoke_01_PC.mat
  artifactKey: Guid(710191fd918f4444e92b8407ece4b82a) Importer(815301076,1909f56bfc062723c751e8b465ee728b)
Start importing Assets/Sprites/PNG/Effects/VFX/Explosions/Small Explosion_01_Smoke_01_PC.mat using Guid(710191fd918f4444e92b8407ece4b82a) Importer(815301076,1909f56bfc062723c751e8b465ee728b)  -> (artifact id: 'deadd10cf7de68c9b7ec55d5713f3bbd') in 0.129280 seconds 
  Import took 0.142401 seconds .

========================================================================
Received Import Request.
  Time since last request: 0.000647 seconds.
  path: Assets/Sprites/PNG/Effects/VFX/Explosions/Rocket_Explosion_01.png
  artifactKey: Guid(50dc64848e3e40f4fa77ab53e6ea3783) Importer(815301076,1909f56bfc062723c751e8b465ee728b)
Start importing Assets/Sprites/PNG/Effects/VFX/Explosions/Rocket_Explosion_01.png using Guid(50dc64848e3e40f4fa77ab53e6ea3783) Importer(815301076,1909f56bfc062723c751e8b465ee728b)  -> (artifact id: '85216112aac729756ed4162bcaae502b') in 0.063883 seconds 
  Import took 0.078393 seconds .

========================================================================
Received Import Request.
  Time since last request: 0.000518 seconds.
  path: Assets/Sprites/PNG/Effects/VFX/Explosions/Small Explosion_01_Parts_PC.mat
  artifactKey: Guid(0c9ae2a77654129478a5823b4b26bb4e) Importer(815301076,1909f56bfc062723c751e8b465ee728b)
Start importing Assets/Sprites/PNG/Effects/VFX/Explosions/Small Explosion_01_Parts_PC.mat using Guid(0c9ae2a77654129478a5823b4b26bb4e) Importer(815301076,1909f56bfc062723c751e8b465ee728b)  -> (artifact id: '6a6ed72044606343e87aed5f8d1576e5') in 0.105494 seconds 
  Import took 0.123166 seconds .

========================================================================
Received Import Request.
  Time since last request: 0.000544 seconds.
  path: Assets/Sprites/PNG/Effects/VFX/Explosions/Small Explosion_01_Smoke_01.png
  artifactKey: Guid(edb28dfa5e6c8e94f96425acab8c8318) Importer(815301076,1909f56bfc062723c751e8b465ee728b)
Start importing Assets/Sprites/PNG/Effects/VFX/Explosions/Small Explosion_01_Smoke_01.png using Guid(edb28dfa5e6c8e94f96425acab8c8318) Importer(815301076,1909f56bfc062723c751e8b465ee728b)  -> (artifact id: '24e7519c692a28cbd6f196df8ceab25e') in 0.068543 seconds 
  Import took 0.082031 seconds .

========================================================================
Received Import Request.
  Time since last request: 0.000571 seconds.
  path: Assets/Sprites/PNG/Effects/VFX/Explosions/Rocket_Explosion_PC.mat
  artifactKey: Guid(c5f32ff56f29725449fe5d45a157ff79) Importer(815301076,1909f56bfc062723c751e8b465ee728b)
Start importing Assets/Sprites/PNG/Effects/VFX/Explosions/Rocket_Explosion_PC.mat using Guid(c5f32ff56f29725449fe5d45a157ff79) Importer(815301076,1909f56bfc062723c751e8b465ee728b)  -> (artifact id: '684d150a8ae2a3375c8b71f4ceff74cb') in 0.098377 seconds 
  Import took 0.110637 seconds .

========================================================================
Received Import Request.
  Time since last request: 0.000583 seconds.
  path: Assets/Sprites/PNG/Effects/VFX/Explosions/Small Explosion_01_Smoke_02.png
  artifactKey: Guid(4597cc4489ac8ac4dbcca786dd7babd3) Importer(815301076,1909f56bfc062723c751e8b465ee728b)
Start importing Assets/Sprites/PNG/Effects/VFX/Explosions/Small Explosion_01_Smoke_02.png using Guid(4597cc4489ac8ac4dbcca786dd7babd3) Importer(815301076,1909f56bfc062723c751e8b465ee728b)  -> (artifact id: '20c38a75405ccbc445b11d071f7eec07') in 0.057541 seconds 
  Import took 0.070099 seconds .

========================================================================
Received Import Request.
  Time since last request: 0.000718 seconds.
  path: Assets/Sprites/PNG/Effects/VFX/Explosions/Small Explosion_01_Smoke_01.mat
  artifactKey: Guid(3b922b76b9ea81d4cbd9207035208b52) Importer(815301076,1909f56bfc062723c751e8b465ee728b)
Start importing Assets/Sprites/PNG/Effects/VFX/Explosions/Small Explosion_01_Smoke_01.mat using Guid(3b922b76b9ea81d4cbd9207035208b52) Importer(815301076,1909f56bfc062723c751e8b465ee728b)  -> (artifact id: '375c00f2a031addd3b97b0cebe86b99b') in 0.068465 seconds 
  Import took 0.083714 seconds .

========================================================================
Received Import Request.
  Time since last request: 129.180757 seconds.
  path: ProjectSettings/TagManager.asset
  artifactKey: Guid(00000000000000003000000000000000) Importer(815301076,1909f56bfc062723c751e8b465ee728b)
Start importing ProjectSettings/TagManager.asset using Guid(00000000000000003000000000000000) Importer(815301076,1909f56bfc062723c751e8b465ee728b)  -> (artifact id: 'b0d4fc776705ad365df01fa1d586db2a') in 0.033975 seconds 
  Import took 0.047329 seconds .

========================================================================
Received Import Request.
  Time since last request: 601.980367 seconds.
  path: Assets/Sprites/PNG/Effects/VFX/Muzzle
  artifactKey: Guid(8e5a60db59f3ee74e97ca4fd07c765c6) Importer(815301076,1909f56bfc062723c751e8b465ee728b)
Start importing Assets/Sprites/PNG/Effects/VFX/Muzzle using Guid(8e5a60db59f3ee74e97ca4fd07c765c6) Importer(815301076,1909f56bfc062723c751e8b465ee728b)  -> (artifact id: '76f36dcb8b8bf9c9ec4cedfeda9d6151') in 0.030346 seconds 
  Import took 0.047540 seconds .

========================================================================
Received Import Request.
  Time since last request: 0.000585 seconds.
  path: Assets/Sprites/PNG/Effects/VFX/Muzzle/Muzzle.mat
  artifactKey: Guid(4fa12924968c51a4fbf7f67f630db413) Importer(815301076,1909f56bfc062723c751e8b465ee728b)
Start importing Assets/Sprites/PNG/Effects/VFX/Muzzle/Muzzle.mat using Guid(4fa12924968c51a4fbf7f67f630db413) Importer(815301076,1909f56bfc062723c751e8b465ee728b)  -> (artifact id: '13a97a5e9cae4a518a6514254230b4da') in 0.598652 seconds 
  Import took 0.618113 seconds .

========================================================================
Received Import Request.
  Time since last request: 0.000596 seconds.
  path: Assets/Sprites/PNG/Effects/VFX/Muzzle/Muzzle_Sprite_Sheet.png
  artifactKey: Guid(37f04ea5fff32d44387e5a7dfac096bb) Importer(815301076,1909f56bfc062723c751e8b465ee728b)
Start importing Assets/Sprites/PNG/Effects/VFX/Muzzle/Muzzle_Sprite_Sheet.png using Guid(37f04ea5fff32d44387e5a7dfac096bb) Importer(815301076,1909f56bfc062723c751e8b465ee728b)  -> (artifact id: 'd0c65f6e3a8a208bbb7a56e03a2da1e0') in 0.113951 seconds 
  Import took 0.133829 seconds .

AssetImportWorkerClient::OnTransportError - code=2 error=End of file
